<?xml version="1.0" encoding="UTF-8"?>
<testsuite xmlns:xsi="http://www.w3.org/2001/XMLSchema-instance" xsi:noNamespaceSchemaLocation="https://maven.apache.org/surefire/maven-surefire-plugin/xsd/surefire-test-report-3.0.xsd" version="3.0" name="com.hj.log.mapper.MapperIntegrationTest" time="1.499" tests="4" errors="0" skipped="0" failures="0">
  <properties>
[...]
</properties>
  <testcase name="should_insert_and_select_alert_rule" classname="com.hj.log.mapper.MapperIntegrationTest" time="0.527">
    <system-out><![CDATA[10:24:51.098 [main] INFO org.springframework.test.context.support.AnnotationConfigContextLoaderUtils -- Could not detect default configuration classes for test class [com.hj.log.mapper.MapperIntegrationTest]: MapperIntegrationTest does not declare any static, non-private, non-final, nested classes annotated with @Configuration.
10:24:51.161 [main] INFO org.springframework.boot.test.context.SpringBootTestContextBootstrapper -- Found @SpringBootConfiguration com.hj.log.CoreTestApplication for test class com.hj.log.mapper.MapperIntegrationTest

  .   ____          _            __ _ _
 /\\ / ___'_ __ _ _(_)_ __  __ _ \ \ \ \
( ( )\___ | '_ | '_| | '_ \/ _` | \ \ \ \
 \\/  ___)| |_)| | | | | || (_| |  ) ) ) )
  '  |____| .__|_| |_|_| |_\__, | / / / /
 =========|_|==============|___/=/_/_/_/

 :: Spring Boot ::                (v3.3.4)

2026-02-06T10:24:51.377+08:00  INFO 9434 --- [           main] c.hj.log.mapper.MapperIntegrationTest    : Starting MapperIntegrationTest using Java 21.0.10 with PID 9434 (started by richardhuang in /Users/richardhuang/learnspace/log-platform/log-core)
2026-02-06T10:24:51.378+08:00  INFO 9434 --- [           main] c.hj.log.mapper.MapperIntegrationTest    : No active profile set, falling back to 1 default profile: "default"
2026-02-06T10:24:51.559+08:00  INFO 9434 --- [           main] beddedDataSourceBeanFactoryPostProcessor : Replacing 'dataSource' DataSource bean with embedded version
2026-02-06T10:24:51.689+08:00  INFO 9434 --- [           main] o.s.j.d.e.EmbeddedDatabaseFactory        : Starting embedded database: url='jdbc:h2:mem:73cd9ae0-ad90-4d23-866e-aa71e41d4ff5;DB_CLOSE_DELAY=-1;DB_CLOSE_ON_EXIT=false', username='sa'
2026-02-06T10:24:51.935+08:00  INFO 9434 --- [           main] c.hj.log.mapper.MapperIntegrationTest    : Started MapperIntegrationTest in 0.732 seconds (process running for 1.272)
]]></system-out>
    <system-err><![CDATA[WARNING: A Java agent has been loaded dynamically (/Users/richardhuang/devsoft/apache-maven-3.9.11/repository/net/bytebuddy/byte-buddy-agent/1.14.19/byte-buddy-agent-1.14.19.jar)
WARNING: If a serviceability tool is in use, please run with -XX:+EnableDynamicAgentLoading to hide this warning
WARNING: If a serviceability tool is not in use, please run with -Djdk.instrument.traceUsage for more information
WARNING: Dynamic loading of agents will be disallowed by default in a future release
]]></system-err>
  </testcase>
  <testcase name="should_insert_and_select_log_source" classname="com.hj.log.mapper.MapperIntegrationTest" time="0.008"/>
  <testcase name="should_insert_and_select_notification_config" classname="com.hj.log.mapper.MapperIntegrationTest" time="0.006"/>
  <testcase name="should_insert_and_select_log_entry" classname="com.hj.log.mapper.MapperIntegrationTest" time="0.009"/>
</testsuite>